This is pdfTeX, Version 3.141592653-2.6-1.40.25 (MiKTeX 24.1) (preloaded format=pdflatex 2024.6.10)  25 JUL 2024 19:29
entering extended mode
 restricted \write18 enabled.
 file:line:error style messages enabled.
 %&-line parsing enabled.
**./technischer_bericht.tex
(technischer_bericht.tex
LaTeX2e <2023-11-01> patch level 1
L3 programming layer <2024-01-04>
(C:\Users\sari3\AppData\Local\Programs\MiKTeX\tex/latex/base\article.cls
Document Class: article 2023/05/17 v1.4n Standard LaTeX document class
(C:\Users\sari3\AppData\Local\Programs\MiKTeX\tex/latex/base\size12.clo
File: size12.clo 2023/05/17 v1.4n Standard LaTeX file (size option)
)
\c@part=\count187
\c@section=\count188
\c@subsection=\count189
\c@subsubsection=\count190
\c@paragraph=\count191
\c@subparagraph=\count192
\c@figure=\count193
\c@table=\count194
\abovecaptionskip=\skip48
\belowcaptionskip=\skip49
\bibindent=\dimen140
)
(C:\Users\sari3\AppData\Local\Programs\MiKTeX\tex/latex/amsmath\amsmath.sty
Package: amsmath 2023/05/13 v2.17o AMS math features
\@mathmargin=\skip50

For additional information on amsmath, use the `?' option.
(C:\Users\sari3\AppData\Local\Programs\MiKTeX\tex/latex/amsmath\amstext.sty
Package: amstext 2021/08/26 v2.01 AMS text

(C:\Users\sari3\AppData\Local\Programs\MiKTeX\tex/latex/amsmath\amsgen.sty
File: amsgen.sty 1999/11/30 v2.0 generic functions
\@emptytoks=\toks17
\ex@=\dimen141
))
(C:\Users\sari3\AppData\Local\Programs\MiKTeX\tex/latex/amsmath\amsbsy.sty
Package: amsbsy 1999/11/29 v1.2d Bold Symbols
\pmbraise@=\dimen142
)
(C:\Users\sari3\AppData\Local\Programs\MiKTeX\tex/latex/amsmath\amsopn.sty
Package: amsopn 2022/04/08 v2.04 operator names
)
\inf@bad=\count195
LaTeX Info: Redefining \frac on input line 234.
\uproot@=\count196
\leftroot@=\count197
LaTeX Info: Redefining \overline on input line 399.
LaTeX Info: Redefining \colon on input line 410.
\classnum@=\count198
\DOTSCASE@=\count199
LaTeX Info: Redefining \ldots on input line 496.
LaTeX Info: Redefining \dots on input line 499.
LaTeX Info: Redefining \cdots on input line 620.
\Mathstrutbox@=\box51
\strutbox@=\box52
LaTeX Info: Redefining \big on input line 722.
LaTeX Info: Redefining \Big on input line 723.
LaTeX Info: Redefining \bigg on input line 724.
LaTeX Info: Redefining \Bigg on input line 725.
\big@size=\dimen143
LaTeX Font Info:    Redeclaring font encoding OML on input line 743.
LaTeX Font Info:    Redeclaring font encoding OMS on input line 744.
\macc@depth=\count266
LaTeX Info: Redefining \bmod on input line 905.
LaTeX Info: Redefining \pmod on input line 910.
LaTeX Info: Redefining \smash on input line 940.
LaTeX Info: Redefining \relbar on input line 970.
LaTeX Info: Redefining \Relbar on input line 971.
\c@MaxMatrixCols=\count267
\dotsspace@=\muskip16
\c@parentequation=\count268
\dspbrk@lvl=\count269
\tag@help=\toks18
\row@=\count270
\column@=\count271
\maxfields@=\count272
\andhelp@=\toks19
\eqnshift@=\dimen144
\alignsep@=\dimen145
\tagshift@=\dimen146
\tagwidth@=\dimen147
\totwidth@=\dimen148
\lineht@=\dimen149
\@envbody=\toks20
\multlinegap=\skip51
\multlinetaggap=\skip52
\mathdisplay@stack=\toks21
LaTeX Info: Redefining \[ on input line 2953.
LaTeX Info: Redefining \] on input line 2954.
)
(C:\Users\sari3\AppData\Local\Programs\MiKTeX\tex/latex/listings\listings.sty
(C:\Users\sari3\AppData\Local\Programs\MiKTeX\tex/latex/graphics\keyval.sty
Package: keyval 2022/05/29 v1.15 key=value parser (DPC)
\KV@toks@=\toks22
)
\lst@mode=\count273
\lst@gtempboxa=\box53
\lst@token=\toks23
\lst@length=\count274
\lst@currlwidth=\dimen150
\lst@column=\count275
\lst@pos=\count276
\lst@lostspace=\dimen151
\lst@width=\dimen152
\lst@newlines=\count277
\lst@lineno=\count278
\lst@maxwidth=\dimen153

(C:\Users\sari3\AppData\Local\Programs\MiKTeX\tex/latex/listings\lstmisc.sty
File: lstmisc.sty 2023/02/27 1.9 (Carsten Heinz)
\c@lstnumber=\count279
\lst@skipnumbers=\count280
\lst@framebox=\box54
)
(C:\Users\sari3\AppData\Local\Programs\MiKTeX\tex/latex/listings\listings.cfg
File: listings.cfg 2023/02/27 1.9 listings configuration
))
Package: listings 2023/02/27 1.9 (Carsten Heinz)
(C:\Users\sari3\AppData\Local\Programs\MiKTeX\tex/latex/xcolor\xcolor.sty
Package: xcolor 2023/11/15 v3.01 LaTeX color extensions (UK)

(C:\Users\sari3\AppData\Local\Programs\MiKTeX\tex/latex/graphics-cfg\color.cfg
File: color.cfg 2016/01/02 v1.6 sample color configuration
)
Package xcolor Info: Driver file: pdftex.def on input line 274.

(C:\Users\sari3\AppData\Local\Programs\MiKTeX\tex/latex/graphics-def\pdftex.def
File: pdftex.def 2022/09/22 v1.2b Graphics/color driver for pdftex
)
(C:\Users\sari3\AppData\Local\Programs\MiKTeX\tex/latex/graphics\mathcolor.ltx)
Package xcolor Info: Model `cmy' substituted by `cmy0' on input line 1350.
Package xcolor Info: Model `hsb' substituted by `rgb' on input line 1354.
Package xcolor Info: Model `RGB' extended on input line 1366.
Package xcolor Info: Model `HTML' substituted by `rgb' on input line 1368.
Package xcolor Info: Model `Hsb' substituted by `hsb' on input line 1369.
Package xcolor Info: Model `tHsb' substituted by `hsb' on input line 1370.
Package xcolor Info: Model `HSB' substituted by `hsb' on input line 1371.
Package xcolor Info: Model `Gray' substituted by `gray' on input line 1372.
Package xcolor Info: Model `wave' substituted by `hsb' on input line 1373.
) (C:\Users\sari3\AppData\Local\Programs\MiKTeX\tex/latex/graphics\graphicx.sty
Package: graphicx 2021/09/16 v1.2d Enhanced LaTeX Graphics (DPC,SPQR)
(C:\Users\sari3\AppData\Local\Programs\MiKTeX\tex/latex/graphics\graphics.sty
Package: graphics 2022/03/10 v1.4e Standard LaTeX Graphics (DPC,SPQR)

(C:\Users\sari3\AppData\Local\Programs\MiKTeX\tex/latex/graphics\trig.sty
Package: trig 2021/08/11 v1.11 sin cos tan (DPC)
)
(C:\Users\sari3\AppData\Local\Programs\MiKTeX\tex/latex/graphics-cfg\graphics.c
fg
File: graphics.cfg 2016/06/04 v1.11 sample graphics configuration
)
Package graphics Info: Driver file: pdftex.def on input line 107.
)
\Gin@req@height=\dimen154
\Gin@req@width=\dimen155
)
(C:\Users\sari3\AppData\Local\Programs\MiKTeX\tex/latex/l3backend\l3backend-pdf
tex.def
File: l3backend-pdftex.def 2024-01-04 L3 backend support: PDF output (pdfTeX)
\l__color_backend_stack_int=\count281
\l__pdf_internal_box=\box55
) (C:/Users\sari3\PycharmProjects\mathe\auxil\technischer_bericht.aux)
\openout1 = `technischer_bericht.aux'.

LaTeX Font Info:    Checking defaults for OML/cmm/m/it on input line 54.
LaTeX Font Info:    ... okay on input line 54.
LaTeX Font Info:    Checking defaults for OMS/cmsy/m/n on input line 54.
LaTeX Font Info:    ... okay on input line 54.
LaTeX Font Info:    Checking defaults for OT1/cmr/m/n on input line 54.
LaTeX Font Info:    ... okay on input line 54.
LaTeX Font Info:    Checking defaults for T1/cmr/m/n on input line 54.
LaTeX Font Info:    ... okay on input line 54.
LaTeX Font Info:    Checking defaults for TS1/cmr/m/n on input line 54.
LaTeX Font Info:    ... okay on input line 54.
LaTeX Font Info:    Checking defaults for OMX/cmex/m/n on input line 54.
LaTeX Font Info:    ... okay on input line 54.
LaTeX Font Info:    Checking defaults for U/cmr/m/n on input line 54.
LaTeX Font Info:    ... okay on input line 54.
\c@lstlisting=\count282

(C:\Users\sari3\AppData\Local\Programs\MiKTeX\tex/context/base/mkii\supp-pdf.mk
ii
[Loading MPS to PDF converter (version 2006.09.02).]
\scratchcounter=\count283
\scratchdimen=\dimen156
\scratchbox=\box56
\nofMPsegments=\count284
\nofMParguments=\count285
\everyMPshowfont=\toks24
\MPscratchCnt=\count286
\MPscratchDim=\dimen157
\MPnumerator=\count287
\makeMPintoPDFobject=\count288
\everyMPtoPDFconversion=\toks25
)
(C:\Users\sari3\AppData\Local\Programs\MiKTeX\tex/latex/epstopdf-pkg\epstopdf-b
ase.sty
Package: epstopdf-base 2020-01-24 v2.11 Base part for package epstopdf
Package epstopdf-base Info: Redefining graphics rule for `.eps' on input line 4
85.

(C:\Users\sari3\AppData\Local\Programs\MiKTeX\tex/latex/00miktex\epstopdf-sys.c
fg
File: epstopdf-sys.cfg 2021/03/18 v2.0 Configuration of epstopdf for MiKTeX
)) [1

{C:/Users/sari3/AppData/Local/MiKTeX/fonts/map/pdftex/pdftex.map}]
(C:/Users\sari3\PycharmProjects\mathe\auxil\technischer_bericht.toc)
\tf@toc=\write3
\openout3 = `technischer_bericht.toc'.

 [2

]
Overfull \hbox (17.81245pt too wide) in paragraph at lines 70--76
\OT1/cmr/m/n/12 Roboterarmsimulationen sind ein wesentlicher Be-standteil der R
obotik-forschung.
 []


technischer_bericht.tex:80: LaTeX Error: Command \quotedblbase unavailable in e
ncoding OT1.

See the LaTeX manual or LaTeX Companion for explanation.
Type  H <return>  for immediate help.
 ...                                              
                                                  
l.80     Die Bachelorarbeit zur ‚Äû
                                   Steuerung eines 5-DOF Handhabungsroboters...

Your command was ignored.
Type  I <command> <return>  to replace it with another command,
or  <return>  to continue without it.


technischer_bericht.tex:82: LaTeX Error: Command \quotedblbase unavailable in e
ncoding OT1.

See the LaTeX manual or LaTeX Companion for explanation.
Type  H <return>  for immediate help.
 ...                                              
                                                  
l.82 ...htige Quelle war die Ver√∂ffentlichung ‚Äû
                                                  Tactile Robotic Assembly‚Ä...

Your command was ignored.
Type  I <command> <return>  to replace it with another command,
or  <return>  to continue without it.


technischer_bericht.tex:85: LaTeX Error: Command \quotedblbase unavailable in e
ncoding OT1.

See the LaTeX manual or LaTeX Companion for explanation.
Type  H <return>  for immediate help.
 ...                                              
                                                  
l.85 ...nzend haben wir uns auch an der Arbeit ‚Äû
                                                  Robot Arm Control using Ma...

Your command was ignored.
Type  I <command> <return>  to replace it with another command,
or  <return>  to continue without it.


technischer_bericht.tex:87: LaTeX Error: Command \quotedblbase unavailable in e
ncoding OT1.

See the LaTeX manual or LaTeX Companion for explanation.
Type  H <return>  for immediate help.
 ...                                              
                                                  
l.87 ...uns an der neuesten Auflage des Werkes ‚Äû
                                                  Computer Animation: Algori...

Your command was ignored.
Type  I <command> <return>  to replace it with another command,
or  <return>  to continue without it.


Overfull \hbox (13.92221pt too wide) in paragraph at lines 79--91
\OT1/cmr/m/n/12 Hand-habungsrobot-ers in Ar-beit-sraumko-or-di-naten\[1] von Ju
-lia Dub-cova erkl^^?art
 []


Overfull \hbox (24.45775pt too wide) in paragraph at lines 79--91
\OT1/cmr/m/n/12 un-seren Roboter-arm nutzen. Eine weit-ere wichtige Quelle war 
die Ver^^?offentlichung
 []

technischer_bericht.tex:95: Misplaced alignment tab character &.
l.95     muss. Der Greifarm wird durch Drag &
                                              Drop interaktiv gesteuert und ...
I can't figure out why you would want to use a tab mark
here. If you just want an ampersand, the remedy is
simple: Just type `I\&' now. But if some right brace
up above has ended a previous alignment prematurely,
you're probably due for more error messages, and you
might try typing `S' now just to see what is salvageable.


Overfull \hbox (6.19312pt too wide) in paragraph at lines 94--98
\OT1/cmr/m/n/12 in-ter-ak-tiv ges-teuert und ver-wen-det in-verse Kine-matik, u
m Be-we-gun-gen pr^^?azise
 []

[3

] [4]
Overfull \hbox (15.42357pt too wide) in paragraph at lines 131--135
\OT1/cmr/m/n/12 zur []Uberpr^^?ufung der ver-schiede-nen Kom-po-nen-ten der An-
wen-dung, ein-schlie^^Ylich
 []


Overfull \hbox (58.63702pt too wide) in paragraph at lines 145--151
\OT1/cmr/m/n/12 Eine wesentliche M^^?oglichkeit besteht in der Er-weiterung der
 Kon-fig-u-ra-tionsm^^?oglichkeiten
 []


Overfull \hbox (15.89117pt too wide) in paragraph at lines 152--158
\OT1/cmr/m/n/12 Grafiken, bein-hal-ten. Solche Verbesserun-gen k^^?onnten die B
e-nutzer-fre-undlichkeit
 []

[5]
Overfull \hbox (3.57787pt too wide) in paragraph at lines 161--166
\OT1/cmr/m/n/12 M^^?oglichkeit, ver-schiedene Kon-fig-u-ra-tio-nen des Roboter-
arms zu testen, k^^?onnen
 []


Overfull \hbox (8.082pt too wide) in paragraph at lines 161--166
\OT1/cmr/m/n/12 Be-nutzer ein tief-eres Verst^^?andnis f^^?ur die Funk-tion-swe
ise und Be-we-gungsabl^^?aufe
 []


Overfull \hbox (13.86525pt too wide) in paragraph at lines 167--178
\OT1/cmr/m/n/12 Mod-el-lierung und der kine-ma-tis-chen Steuerung haben gezeigt
, wie anspruchsvoll
 []


Overfull \hbox (4.78342pt too wide) in paragraph at lines 167--178
\OT1/cmr/m/n/12 Pla-nung und Im-ple-men-tierung sind weit-er-hin Verbesserun-ge
n und Er-weiterun-
 []

[6] [7]

technischer_bericht.tex:219: LaTeX Error: Invalid UTF-8 byte sequence (√\expand
after).

See the LaTeX manual or LaTeX Companion for explanation.
Type  H <return>  for immediate help.
 ...                                              
                                                  
l.219         # Hilfsvariabeln f√ºr 
                                    3 Gelenke
The document does not appear to be in UTF-8 encoding.
Try adding \UseRawInputEncoding as the first line of the file
or specify an encoding such as \usepackage [latin1]{inputenc}
in the document preamble.
Alternatively, save the file in UTF-8 using your editor or another tool


technischer_bericht.tex:219: LaTeX Error: Invalid UTF-8 byte "BC.

See the LaTeX manual or LaTeX Companion for explanation.
Type  H <return>  for immediate help.
 ...                                              
                                                  
l.219         # Hilfsvariabeln f√ºr 
                                    3 Gelenke
The document does not appear to be in UTF-8 encoding.
Try adding \UseRawInputEncoding as the first line of the file
or specify an encoding such as \usepackage [latin1]{inputenc}
in the document preamble.
Alternatively, save the file in UTF-8 using your editor or another tool


technischer_bericht.tex:227: LaTeX Error: Invalid UTF-8 byte sequence (√\expand
after).

See the LaTeX manual or LaTeX Companion for explanation.
Type  H <return>  for immediate help.
 ...                                              
                                                  
l.227         # arml√§ngen
                          
The document does not appear to be in UTF-8 encoding.
Try adding \UseRawInputEncoding as the first line of the file
or specify an encoding such as \usepackage [latin1]{inputenc}
in the document preamble.
Alternatively, save the file in UTF-8 using your editor or another tool


technischer_bericht.tex:227: LaTeX Error: Invalid UTF-8 byte "A4.

See the LaTeX manual or LaTeX Companion for explanation.
Type  H <return>  for immediate help.
 ...                                              
                                                  
l.227         # arml√§ngen
                          
The document does not appear to be in UTF-8 encoding.
Try adding \UseRawInputEncoding as the first line of the file
or specify an encoding such as \usepackage [latin1]{inputenc}
in the document preamble.
Alternatively, save the file in UTF-8 using your editor or another tool

<Bild 1.jpg, id=32, 303.1325pt x 209.78375pt>
File: Bild 1.jpg Graphic file (type jpg)
<use Bild 1.jpg>
Package pdftex.def Info: Bild 1.jpg  used on input line 249.
(pdftex.def)             Requested size: 390.0pt x 269.9051pt.

LaTeX Warning: `h' float specifier changed to `ht'.


Overfull \hbox (3.04686pt too wide) in paragraph at lines 253--255
\OT1/cmr/m/n/12 forder-lich. Dieser wird je nach Be-darf durch eine if-else-Anw
eisung aufgerufen. 
 []

technischer_bericht.tex:256: Undefined control sequence.
l.256     \subsubsubsection
                           {Berechnung f√ºr 1 Gelenk}
The control sequence at the end of the top line
of your error message was never \def'ed. If you have
misspelled it (e.g., `\hobx'), type `I' and the correct
spelling (e.g., `I\hbox'). Otherwise just continue,
and I'll forget about whatever was undefined.

[8]
<Bild 2.jpg, id=39, 301.62688pt x 204.765pt>
File: Bild 2.jpg Graphic file (type jpg)
<use Bild 2.jpg>
Package pdftex.def Info: Bild 2.jpg  used on input line 271.
(pdftex.def)             Requested size: 390.0pt x 264.75719pt.


LaTeX Warning: `h' float specifier changed to `ht'.

technischer_bericht.tex:292: Undefined control sequence.
l.292     \subsubsubsection
                           {Berechnung f√ºr 2 Gelenke}
The control sequence at the end of the top line
of your error message was never \def'ed. If you have
misspelled it (e.g., `\hobx'), type `I' and the correct
spelling (e.g., `I\hbox'). Otherwise just continue,
and I'll forget about whatever was undefined.

[9 <./Bild 1.jpg>]
<Bild 3.jpg, id=44, 306.14375pt x 237.88875pt>
File: Bild 3.jpg Graphic file (type jpg)
<use Bild 3.jpg>
Package pdftex.def Info: Bild 3.jpg  used on input line 299.
(pdftex.def)             Requested size: 390.0pt x 303.06636pt.


LaTeX Warning: `h' float specifier changed to `ht'.


Overfull \hbox (10.3667pt too wide) in paragraph at lines 313--315
[]\OT1/cmr/m/n/12 F^^?ur die Berech-nung des El-len-bo-gen-winkels kann nun der
 Kos-i-nus-satz umgestellt
 []

[10 <./Bild 2.jpg>] [11 <./Bild 3.jpg>]
technischer_bericht.tex:377: Undefined control sequence.
l.377     \subsubsubsection
                           {Berechnung f√ºr 3 Gelenke}
The control sequence at the end of the top line
of your error message was never \def'ed. If you have
misspelled it (e.g., `\hobx'), type `I' and the correct
spelling (e.g., `I\hbox'). Otherwise just continue,
and I'll forget about whatever was undefined.

<Bild 4.jpg, id=51, 319.69438pt x 132.99687pt>
File: Bild 4.jpg Graphic file (type jpg)
<use Bild 4.jpg>
Package pdftex.def Info: Bild 4.jpg  used on input line 393.
(pdftex.def)             Requested size: 390.0pt x 162.24782pt.

LaTeX Warning: `h' float specifier changed to `ht'.

[12]
Overfull \hbox (5.22998pt too wide) detected at line 415
\OML/cmm/m/it/12 wristtarget \OT1/cmr/m/n/12 = [100\OML/cmm/m/it/12 ; \OT1/cmr/
m/n/12 20] \OMS/cmsy/m/n/12 ^^@ \OT1/cmr/m/n/12 [70 \OMS/cmsy/m/n/12 ^^C \OML/c
mm/m/it/12 cos\OT1/cmr/m/n/12 (0\OML/cmm/m/it/12 ; \OT1/cmr/m/n/12 77 \OMS/cmsy
/m/n/12 ^^@ \OT1/cmr/m/n/12 0\OML/cmm/m/it/12 ; \OT1/cmr/m/n/12 15)\OML/cmm/m/i
t/12 ; \OT1/cmr/m/n/12 70 \OMS/cmsy/m/n/12 ^^C \OML/cmm/m/it/12 sin\OT1/cmr/m/n
/12 (0\OML/cmm/m/it/12 ; \OT1/cmr/m/n/12 77 \OMS/cmsy/m/n/12 ^^@ \OT1/cmr/m/n/1
2 0\OML/cmm/m/it/12 ; \OT1/cmr/m/n/12 15)] = [43\OML/cmm/m/it/12 ; \OMS/cmsy/m/
n/12 ^^@\OT1/cmr/m/n/12 21]
 []

[13 <./Bild 4.jpg>]
<Bild 5.jpg, id=59, 304.63812pt x 175.15437pt>
File: Bild 5.jpg Graphic file (type jpg)
<use Bild 5.jpg>
Package pdftex.def Info: Bild 5.jpg  used on input line 439.
(pdftex.def)             Requested size: 390.0pt x 224.24226pt.
<Bild 6.jpg, id=60, 310.15875pt x 99.87312pt>
File: Bild 6.jpg Graphic file (type jpg)
<use Bild 6.jpg>
Package pdftex.def Info: Bild 6.jpg  used on input line 452.
(pdftex.def)             Requested size: 390.0pt x 125.58173pt.


LaTeX Warning: `h' float specifier changed to `ht'.

[14 <./Bild 5.jpg>] [15 <./Bild 6.jpg>]
Overfull \hbox (45.29265pt too wide) detected at line 522
\OML/cmm/m/it/12 wrist \OT1/cmr/m/n/12 = [266\OML/cmm/m/it/12 ; \OT1/cmr/m/n/12
 275] + [105 \OMS/cmsy/m/n/12 ^^C \OML/cmm/m/it/12 cos\OT1/cmr/m/n/12 (0\OML/cm
m/m/it/12 ; \OT1/cmr/m/n/12 27 \OMS/cmsy/m/n/12 ^^C \OML/cmm/m/it/12 ^^Y \OT1/c
mr/m/n/12 + 1\OML/cmm/m/it/12 ; \OT1/cmr/m/n/12 72 \OMS/cmsy/m/n/12 ^^C \OML/cm
m/m/it/12 ^^Y\OT1/cmr/m/n/12 )\OML/cmm/m/it/12 ; \OT1/cmr/m/n/12 105 \OMS/cmsy/
m/n/12 ^^C \OML/cmm/m/it/12 sin\OT1/cmr/m/n/12 (0\OML/cmm/m/it/12 ; \OT1/cmr/m/
n/12 27 \OMS/cmsy/m/n/12 ^^C \OML/cmm/m/it/12 ^^Y \OT1/cmr/m/n/12 + 1\OML/cmm/m
/it/12 ; \OT1/cmr/m/n/12 72 \OMS/cmsy/m/n/12 ^^C \OML/cmm/m/it/12 ^^Y\OT1/cmr/m
/n/12 )] = [371\OML/cmm/m/it/12 ; \OT1/cmr/m/n/12 272]
 []


Overfull \hbox (171.58168pt too wide) detected at line 525
\OML/cmm/m/it/12 endeffector \OT1/cmr/m/n/12 = [371\OML/cmm/m/it/12 ; \OT1/cmr/
m/n/12 272] + [110 \OMS/cmsy/m/n/12 ^^C \OML/cmm/m/it/12 cos\OT1/cmr/m/n/12 (0\
OML/cmm/m/it/12 ; \OT1/cmr/m/n/12 27 \OMS/cmsy/m/n/12 ^^C \OML/cmm/m/it/12 ^^Y 
\OT1/cmr/m/n/12 + 1\OML/cmm/m/it/12 ; \OT1/cmr/m/n/12 72 \OMS/cmsy/m/n/12 ^^C \
OML/cmm/m/it/12 ^^Y \OT1/cmr/m/n/12 + 2\OML/cmm/m/it/12 ; \OT1/cmr/m/n/12 25 \O
MS/cmsy/m/n/12 ^^C \OML/cmm/m/it/12 ^^Y\OT1/cmr/m/n/12 )\OML/cmm/m/it/12 ; \OT1
/cmr/m/n/12 110 \OMS/cmsy/m/n/12 ^^C \OML/cmm/m/it/12 sin\OT1/cmr/m/n/12 (0\OML
/cmm/m/it/12 ; \OT1/cmr/m/n/12 27 \OMS/cmsy/m/n/12 ^^C \OML/cmm/m/it/12 ^^Y \OT
1/cmr/m/n/12 + 1\OML/cmm/m/it/12 ; \OT1/cmr/m/n/12 72 \OMS/cmsy/m/n/12 ^^C \OML
/cmm/m/it/12 ^^Y \OT1/cmr/m/n/12 + 2\OML/cmm/m/it/12 ; \OT1/cmr/m/n/12 25 \OMS/
cmsy/m/n/12 ^^C \OML/cmm/m/it/12 ^^Y\OT1/cmr/m/n/12 )] = [451\OML/cmm/m/it/12 ;
 \OT1/cmr/m/n/12 347]
 []


Overfull \hbox (7.99031pt too wide) in paragraph at lines 528--531
\OT1/cmr/m/n/12 angezeigt wer-den, sowie ver-schiedene Kon-fig-u-ra-tionsop-tio
-nen f^^?ur die Steuerung
 []


Overfull \hbox (58.1406pt too wide) in paragraph at lines 537--545
[]\OT1/cmr/m/n/12 Die Meth-o-den \up-date[]num[]joints()", \up-date[]arm[]lengt
h1()", "up-date[]arm[]length2()"
 []

[16]

technischer_bericht.tex:570: LaTeX Error: Command \quotedblbase unavailable in 
encoding OT1.

See the LaTeX manual or LaTeX Companion for explanation.
Type  H <return>  for immediate help.
 ...                                              
                                                  
l.570 ...k soll der Endeffektor ein Puzzleteil ‚Äû
                                                  greifen‚Äú k√∂nnen. Falls ...

Your command was ignored.
Type  I <command> <return>  to replace it with another command,
or  <return>  to continue without it.

[17]

technischer_bericht.tex:583: LaTeX Error: Command \quotedblbase unavailable in 
encoding OT1.

See the LaTeX manual or LaTeX Companion for explanation.
Type  H <return>  for immediate help.
 ...                                              
                                                  
l.583 ...nnt erst nach Bet√§tigung des Knopfes ‚Äû
                                                  Check Positions‚Äú. Bei di...

Your command was ignored.
Type  I <command> <return>  to replace it with another command,
or  <return>  to continue without it.

technischer_bericht.tex:595: Misplaced alignment tab character &.
l.595 ...r Kollisionserkennung betrifft das Drag &
                                                   Drop von Puzzleteilen. Hi...
I can't figure out why you would want to use a tab mark
here. If you just want an ampersand, the remedy is
simple: Just type `I\&' now. But if some right brace
up above has ended a previous alignment prematurely,
you're probably due for more error messages, and you
might try typing `S' now just to see what is salvageable.


Overfull \hbox (33.57933pt too wide) in paragraph at lines 605--612
\OT1/cmr/m/n/12 bei der Po-si-tion-ierung des En-d-ef-fek-tors von Be-deu-tung.
 Die Meth-ode \on[]press(self,
 []

[18]
Overfull \hbox (15.01884pt too wide) in paragraph at lines 614--617
\OT1/cmr/m/n/12 W^^?ahrend der Arm-be-we-gung wird die Meth-ode \on[]drag(self,
 event)" aufgerufen,
 []


Overfull \hbox (4.06073pt too wide) in paragraph at lines 614--617
\OT1/cmr/m/n/12 arms folgt. Hi-er-bei wird sichergestellt, dass das Puz-zleteil
 im-mer entsprechend
 []

[19] (C:/Users\sari3\PycharmProjects\mathe\auxil\technischer_bericht.aux)
 ***********
LaTeX2e <2023-11-01> patch level 1
L3 programming layer <2024-01-04>
 ***********
 ) 
Here is how much of TeX's memory you used:
 4245 strings out of 474486
 62177 string characters out of 5743755
 2045542 words of memory out of 5000000
 26525 multiletter control sequences out of 15000+600000
 565476 words of font info for 63 fonts, out of 8000000 for 9000
 1141 hyphenation exceptions out of 8191
 57i,7n,65p,238b,1603s stack positions out of 10000i,1000n,20000p,200000b,200000s
<C:/Users/sari3/AppData/Local/Programs/MiKTeX/fonts/type1/public/amsfonts/cm/
cmbx10.pfb><C:/Users/sari3/AppData/Local/Programs/MiKTeX/fonts/type1/public/ams
fonts/cm/cmbx12.pfb><C:/Users/sari3/AppData/Local/Programs/MiKTeX/fonts/type1/p
ublic/amsfonts/cm/cmmi12.pfb><C:/Users/sari3/AppData/Local/Programs/MiKTeX/font
s/type1/public/amsfonts/cm/cmr10.pfb><C:/Users/sari3/AppData/Local/Programs/MiK
TeX/fonts/type1/public/amsfonts/cm/cmr12.pfb><C:/Users/sari3/AppData/Local/Prog
rams/MiKTeX/fonts/type1/public/amsfonts/cm/cmr17.pfb><C:/Users/sari3/AppData/Lo
cal/Programs/MiKTeX/fonts/type1/public/amsfonts/cm/cmr6.pfb><C:/Users/sari3/App
Data/Local/Programs/MiKTeX/fonts/type1/public/amsfonts/cm/cmr8.pfb><C:/Users/sa
ri3/AppData/Local/Programs/MiKTeX/fonts/type1/public/amsfonts/cm/cmsy10.pfb><C:
/Users/sari3/AppData/Local/Programs/MiKTeX/fonts/type1/public/amsfonts/cm/cmsy8
.pfb><C:/Users/sari3/AppData/Local/Programs/MiKTeX/fonts/type1/public/amsfonts/
cm/cmtt10.pfb><C:/Users/sari3/AppData/Local/Programs/MiKTeX/fonts/type1/public/
amsfonts/cm/cmtt12.pfb>
Output written on C:/Users\sari3\PycharmProjects\mathe\out\technischer_bericht.
pdf (19 pages, 360555 bytes).
PDF statistics:
 130 PDF objects out of 1000 (max. 8388607)
 0 named destinations out of 1000 (max. 500000)
 31 words of extra memory for PDF output out of 10000 (max. 10000000)

